<?xml version="1.0" encoding="UTF-8"?>
<testng-results ignored="1" total="2" passed="1" failed="0" skipped="0">
  <reporter-output>
  </reporter-output>
  <suite started-at="2022-11-15T16:59:00 IST" name="Default suite" finished-at="2022-11-15T16:59:08 IST" duration-ms="8791">
    <groups>
    </groups>
    <test started-at="2022-11-15T16:59:00 IST" name="Default test" finished-at="2022-11-15T16:59:08 IST" duration-ms="8791">
      <class name="NewClasss">
        <test-method is-config="true" signature="setUp()[pri:0, instance:NewClasss@38c6f217]" started-at="2022-11-15T16:59:00 IST" name="setUp" finished-at="2022-11-15T16:59:08 IST" duration-ms="7907" status="PASS">
          <reporter-output>
          </reporter-output>
        </test-method> <!-- setUp -->
        <test-method signature="tc2()[pri:0, instance:NewClasss@38c6f217]" started-at="2022-11-15T16:59:08 IST" name="tc2" finished-at="2022-11-15T16:59:08 IST" duration-ms="626" status="PASS">
          <reporter-output>
          </reporter-output>
        </test-method> <!-- tc2 -->
        <test-method is-config="true" signature="tearDown()[pri:0, instance:NewClasss@38c6f217]" started-at="2022-11-15T16:59:08 IST" name="tearDown" finished-at="2022-11-15T16:59:08 IST" duration-ms="184" status="PASS">
          <reporter-output>
          </reporter-output>
        </test-method> <!-- tearDown -->
      </class> <!-- NewClasss -->
    </test> <!-- Default test -->
  </suite> <!-- Default suite -->
</testng-results>
